Connecting to database specified by database.yml
Connecting to database specified by database.yml
Connecting to database specified by database.yml
Connecting to database specified by database.yml
  [1m[36m (18.4ms)[0m  [1mselect sqlite_version(*)[0m
  [1m[35m (4.3ms)[0m  CREATE TABLE "schema_migrations" ("version" varchar(255) NOT NULL) 
  [1m[36m (1.5ms)[0m  [1mCREATE UNIQUE INDEX "unique_schema_migrations" ON "schema_migrations" ("version")[0m
  [1m[35m (0.2ms)[0m  SELECT "schema_migrations"."version" FROM "schema_migrations" 
Migrating to CreateUsers (20130220162421)
  [1m[36m (0.1ms)[0m  [1mbegin transaction[0m
  [1m[35m (0.5ms)[0m  CREATE TABLE "users" ("id" INTEGER PRIMARY KEY AUTOINCREMENT NOT NULL, "name" varchar(255), "email" varchar(255), "password" varchar(255), "created_at" datetime NOT NULL, "updated_at" datetime NOT NULL) 
  [1m[36m (0.2ms)[0m  [1mINSERT INTO "schema_migrations" ("version") VALUES ('20130220162421')[0m
  [1m[35m (1.6ms)[0m  commit transaction
Migrating to CreateFeeds (20130220162707)
  [1m[36m (0.2ms)[0m  [1mbegin transaction[0m
  [1m[35m (0.4ms)[0m  CREATE TABLE "feeds" ("id" INTEGER PRIMARY KEY AUTOINCREMENT NOT NULL, "title" varchar(255), "user_id" integer, "private" boolean, "body" text, "created_at" datetime NOT NULL, "updated_at" datetime NOT NULL) 
  [1m[36m (0.2ms)[0m  [1mINSERT INTO "schema_migrations" ("version") VALUES ('20130220162707')[0m
  [1m[35m (1.2ms)[0m  commit transaction
Migrating to CreatePermissions (20130220163116)
  [1m[36m (0.1ms)[0m  [1mbegin transaction[0m
  [1m[35m (0.4ms)[0m  CREATE TABLE "permissions" ("id" INTEGER PRIMARY KEY AUTOINCREMENT NOT NULL, "user_id" integer, "feed_id" integer, "created_at" datetime NOT NULL, "updated_at" datetime NOT NULL) 
  [1m[36m (0.2ms)[0m  [1mINSERT INTO "schema_migrations" ("version") VALUES ('20130220163116')[0m
  [1m[35m (1.5ms)[0m  commit transaction
  [1m[36m (0.2ms)[0m  [1mSELECT "schema_migrations"."version" FROM "schema_migrations" [0m
Connecting to database specified by database.yml


Started GET "/assets/rails.png" for 127.0.0.1 at 2013-02-20 09:45:15 -0700
Connecting to database specified by database.yml
Served asset /rails.png - 304 Not Modified (4ms)


Started GET "/users" for 127.0.0.1 at 2013-02-20 09:45:20 -0700
Processing by UsersController#index as HTML
  [1m[36mUser Load (0.1ms)[0m  [1mSELECT "users".* FROM "users" [0m
  Rendered users/index.html.erb within layouts/application (2.8ms)
Compiled feeds.css  (25ms)  (pid 776)
Compiled permissions.css  (1ms)  (pid 776)
Compiled scaffolds.css  (16ms)  (pid 776)
Compiled users.css  (1ms)  (pid 776)
Compiled application.css  (66ms)  (pid 776)
Compiled jquery.js  (6ms)  (pid 776)
Compiled jquery_ujs.js  (0ms)  (pid 776)
Compiled feeds.js  (42ms)  (pid 776)
Compiled permissions.js  (0ms)  (pid 776)
Compiled users.js  (0ms)  (pid 776)
Compiled application.js  (148ms)  (pid 776)
Completed 200 OK in 378ms (Views: 339.5ms | ActiveRecord: 1.5ms)


Started GET "/assets/permissions.css?body=1" for 127.0.0.1 at 2013-02-20 09:45:21 -0700
Served asset /permissions.css - 200 OK (14ms)


Started GET "/assets/permissions.js?body=1" for 127.0.0.1 at 2013-02-20 09:45:21 -0700
Served asset /permissions.js - 200 OK (14ms)


Started GET "/assets/users.css?body=1" for 127.0.0.1 at 2013-02-20 09:45:21 -0700
Served asset /users.css - 304 Not Modified (3ms)


Started GET "/assets/scaffolds.css?body=1" for 127.0.0.1 at 2013-02-20 09:45:21 -0700
Served asset /scaffolds.css - 304 Not Modified (31ms)


Started GET "/assets/feeds.css?body=1" for 127.0.0.1 at 2013-02-20 09:45:21 -0700
Served asset /feeds.css - 304 Not Modified (3ms)


Started GET "/assets/application.css?body=1" for 127.0.0.1 at 2013-02-20 09:45:21 -0700
Served asset /application.css - 304 Not Modified (19ms)


Started GET "/assets/jquery.js?body=1" for 127.0.0.1 at 2013-02-20 09:45:21 -0700
Served asset /jquery.js - 200 OK (4ms)


Started GET "/assets/users.js?body=1" for 127.0.0.1 at 2013-02-20 09:45:21 -0700
Served asset /users.js - 304 Not Modified (3ms)


Started GET "/assets/feeds.js?body=1" for 127.0.0.1 at 2013-02-20 09:45:21 -0700
Served asset /feeds.js - 304 Not Modified (2ms)


Started GET "/assets/application.js?body=1" for 127.0.0.1 at 2013-02-20 09:45:21 -0700
Served asset /application.js - 304 Not Modified (7ms)


Started GET "/assets/jquery_ujs.js?body=1" for 127.0.0.1 at 2013-02-20 09:45:21 -0700
Served asset /jquery_ujs.js - 200 OK (2ms)


Started GET "/feeds" for 127.0.0.1 at 2013-02-20 09:45:26 -0700
Processing by FeedsController#index as HTML
  [1m[35mFeed Load (0.1ms)[0m  SELECT "feeds".* FROM "feeds" 
  Rendered feeds/index.html.erb within layouts/application (1.1ms)
Completed 200 OK in 11ms (Views: 8.4ms | ActiveRecord: 0.3ms)


Started GET "/assets/application.css?body=1" for 127.0.0.1 at 2013-02-20 09:45:26 -0700
Served asset /application.css - 304 Not Modified (0ms)


Started GET "/assets/users.css?body=1" for 127.0.0.1 at 2013-02-20 09:45:26 -0700
Served asset /users.css - 304 Not Modified (0ms)


Started GET "/assets/users.js?body=1" for 127.0.0.1 at 2013-02-20 09:45:26 -0700
Served asset /users.js - 304 Not Modified (0ms)


Started GET "/assets/scaffolds.css?body=1" for 127.0.0.1 at 2013-02-20 09:45:26 -0700
Served asset /scaffolds.css - 304 Not Modified (0ms)


Started GET "/assets/feeds.css?body=1" for 127.0.0.1 at 2013-02-20 09:45:26 -0700
Served asset /feeds.css - 304 Not Modified (0ms)


Started GET "/assets/feeds.js?body=1" for 127.0.0.1 at 2013-02-20 09:45:26 -0700
Served asset /feeds.js - 304 Not Modified (0ms)


Started GET "/assets/application.js?body=1" for 127.0.0.1 at 2013-02-20 09:45:26 -0700
Served asset /application.js - 304 Not Modified (0ms)


Started GET "/permissions" for 127.0.0.1 at 2013-02-20 09:45:33 -0700
Processing by PermissionsController#index as HTML
  [1m[36mPermission Load (0.2ms)[0m  [1mSELECT "permissions".* FROM "permissions" [0m
  Rendered permissions/index.html.erb within layouts/application (1.1ms)
Completed 200 OK in 11ms (Views: 8.5ms | ActiveRecord: 0.4ms)


Started GET "/assets/application.css?body=1" for 127.0.0.1 at 2013-02-20 09:45:33 -0700
Served asset /application.css - 304 Not Modified (0ms)


Started GET "/assets/users.css?body=1" for 127.0.0.1 at 2013-02-20 09:45:33 -0700
Served asset /users.css - 304 Not Modified (0ms)


Started GET "/assets/users.js?body=1" for 127.0.0.1 at 2013-02-20 09:45:33 -0700
Served asset /users.js - 304 Not Modified (0ms)


Started GET "/assets/feeds.css?body=1" for 127.0.0.1 at 2013-02-20 09:45:33 -0700
Served asset /feeds.css - 304 Not Modified (0ms)


Started GET "/assets/scaffolds.css?body=1" for 127.0.0.1 at 2013-02-20 09:45:33 -0700
Served asset /scaffolds.css - 304 Not Modified (0ms)


Started GET "/assets/feeds.js?body=1" for 127.0.0.1 at 2013-02-20 09:45:33 -0700
Served asset /feeds.js - 304 Not Modified (0ms)


Started GET "/assets/application.js?body=1" for 127.0.0.1 at 2013-02-20 09:45:33 -0700
Served asset /application.js - 304 Not Modified (1ms)
Connecting to database specified by database.yml
  [1m[36m (1.6ms)[0m  [1mselect sqlite_version(*)[0m
  [1m[35m (3.5ms)[0m  CREATE TABLE "feeds" ("id" INTEGER PRIMARY KEY AUTOINCREMENT NOT NULL, "title" varchar(255), "user_id" integer, "private" boolean, "body" text, "created_at" datetime NOT NULL, "updated_at" datetime NOT NULL) 
  [1m[36m (1.1ms)[0m  [1mCREATE TABLE "permissions" ("id" INTEGER PRIMARY KEY AUTOINCREMENT NOT NULL, "user_id" integer, "feed_id" integer, "created_at" datetime NOT NULL, "updated_at" datetime NOT NULL) [0m
  [1m[35m (1.6ms)[0m  CREATE TABLE "users" ("id" INTEGER PRIMARY KEY AUTOINCREMENT NOT NULL, "name" varchar(255), "email" varchar(255), "password" varchar(255), "created_at" datetime NOT NULL, "updated_at" datetime NOT NULL) 
  [1m[36m (1.3ms)[0m  [1mCREATE TABLE "schema_migrations" ("version" varchar(255) NOT NULL) [0m
  [1m[35m (1.5ms)[0m  CREATE UNIQUE INDEX "unique_schema_migrations" ON "schema_migrations" ("version")
  [1m[36m (0.1ms)[0m  [1mSELECT version FROM "schema_migrations"[0m
  [1m[35m (1.2ms)[0m  INSERT INTO "schema_migrations" (version) VALUES ('20130220163116')
  [1m[36m (1.3ms)[0m  [1mINSERT INTO "schema_migrations" (version) VALUES ('20130220162707')[0m
  [1m[35m (1.3ms)[0m  INSERT INTO "schema_migrations" (version) VALUES ('20130220162421')
Connecting to database specified by database.yml
  [1m[36m (0.1ms)[0m  [1mSELECT "schema_migrations"."version" FROM "schema_migrations" [0m
  [1m[35m (0.3ms)[0m  select sqlite_version(*)
  [1m[36m (2.8ms)[0m  [1mCREATE TABLE "feeds" ("id" INTEGER PRIMARY KEY AUTOINCREMENT NOT NULL, "title" varchar(255), "user_id" integer, "private" boolean, "body" text, "created_at" datetime NOT NULL, "updated_at" datetime NOT NULL) [0m
  [1m[35m (2.6ms)[0m  CREATE TABLE "permissions" ("id" INTEGER PRIMARY KEY AUTOINCREMENT NOT NULL, "user_id" integer, "feed_id" integer, "created_at" datetime NOT NULL, "updated_at" datetime NOT NULL) 
  [1m[36m (1.7ms)[0m  [1mCREATE TABLE "users" ("id" INTEGER PRIMARY KEY AUTOINCREMENT NOT NULL, "name" varchar(255), "email" varchar(255), "password" varchar(255), "created_at" datetime NOT NULL, "updated_at" datetime NOT NULL) [0m
  [1m[35m (1.4ms)[0m  CREATE TABLE "schema_migrations" ("version" varchar(255) NOT NULL) 
  [1m[36m (1.7ms)[0m  [1mCREATE UNIQUE INDEX "unique_schema_migrations" ON "schema_migrations" ("version")[0m
  [1m[35m (0.1ms)[0m  SELECT version FROM "schema_migrations"
  [1m[36m (1.5ms)[0m  [1mINSERT INTO "schema_migrations" (version) VALUES ('20130220163116')[0m
  [1m[35m (1.6ms)[0m  INSERT INTO "schema_migrations" (version) VALUES ('20130220162707')
  [1m[36m (1.6ms)[0m  [1mINSERT INTO "schema_migrations" (version) VALUES ('20130220162421')[0m
Connecting to database specified by database.yml
